{
  "stats": {
    "suites": 1,
    "tests": 1,
    "passes": 0,
    "pending": 0,
    "failures": 1,
    "start": "2025-03-04T15:11:11.343Z",
    "end": "2025-03-04T15:13:21.804Z",
    "duration": 130461,
    "testsRegistered": 1,
    "passPercent": 0,
    "pendingPercent": 0,
    "other": 0,
    "hasOther": false,
    "skipped": 0,
    "hasSkipped": false
  },
  "results": [
    {
      "uuid": "ad2c4d1e-b707-4d61-b2fe-d44d067bbf83",
      "title": "",
      "fullFile": "cypress\\e2e\\recruitment\\candidates.cy.js",
      "file": "cypress\\e2e\\recruitment\\candidates.cy.js",
      "beforeHooks": [],
      "afterHooks": [],
      "tests": [],
      "suites": [
        {
          "uuid": "b91b6c79-92cf-471d-88cd-2dbd903f28e0",
          "title": "Recruitment Module",
          "fullFile": "",
          "file": "",
          "beforeHooks": [],
          "afterHooks": [],
          "tests": [
            {
              "title": "TC_Rec_06: Verify deleting a candidate",
              "fullTitle": "Recruitment Module TC_Rec_06: Verify deleting a candidate",
              "timedOut": null,
              "duration": 68260,
              "state": "failed",
              "speed": null,
              "pass": false,
              "fail": true,
              "pending": false,
              "context": null,
              "code": "recruitmentCandidatePage.getRecordCount().then(initialCount => {\n  recruitmentCandidatePage.clickRandomCandidateDeleteIcon();\n  recruitmentCandidatePage.confirmDelete();\n  recruitmentCandidatePage.getUpdatedRecordCount().should(newCount => {\n    expect(newCount).to.equal(initialCount - 1); // Ensure the count decreased by 1\n  });\n});",
              "err": {
                "message": "CypressError: Timed out after waiting `60000ms` for your remote page to load.\n\nYour page did not fire its `load` event within `60000ms`.\n\nYou can try increasing the `pageLoadTimeout` value in `cypress.config.js` to wait longer.\n\nBrowsers will not fire the `load` event until all stylesheets and scripts are done downloading.\n\nWhen this `load` event occurs, Cypress will continue running commands.\n\nBecause this error occurred during a `before each` hook we are skipping the remaining tests in the current suite: `Recruitment Module`",
                "estack": "CypressError: Timed out after waiting `60000ms` for your remote page to load.\n\nYour page did not fire its `load` event within `60000ms`.\n\nYou can try increasing the `pageLoadTimeout` value in `cypress.config.js` to wait longer.\n\nBrowsers will not fire the `load` event until all stylesheets and scripts are done downloading.\n\nWhen this `load` event occurs, Cypress will continue running commands.\n\nBecause this error occurred during a `before each` hook we are skipping the remaining tests in the current suite: `Recruitment Module`\n    at timedOutWaitingForPageLoad (https://opensource-demo.orangehrmlive.com/__cypress/runner/cypress_runner.js:131363:64)\n    at <unknown> (https://opensource-demo.orangehrmlive.com/__cypress/runner/cypress_runner.js:131679:16)\n    at tryCatcher (https://opensource-demo.orangehrmlive.com/__cypress/runner/cypress_runner.js:1777:23)\n    at <unknown> (https://opensource-demo.orangehrmlive.com/__cypress/runner/cypress_runner.js:4156:41)\n    at tryCatcher (https://opensource-demo.orangehrmlive.com/__cypress/runner/cypress_runner.js:1777:23)\n    at Promise._settlePromiseFromHandler (https://opensource-demo.orangehrmlive.com/__cypress/runner/cypress_runner.js:1489:31)\n    at Promise._settlePromise (https://opensource-demo.orangehrmlive.com/__cypress/runner/cypress_runner.js:1546:18)\n    at Promise._settlePromise0 (https://opensource-demo.orangehrmlive.com/__cypress/runner/cypress_runner.js:1591:10)\n    at Promise._settlePromises (https://opensource-demo.orangehrmlive.com/__cypress/runner/cypress_runner.js:1667:18)\n    at _drainQueueStep (https://opensource-demo.orangehrmlive.com/__cypress/runner/cypress_runner.js:2377:12)\n    at _drainQueue (https://opensource-demo.orangehrmlive.com/__cypress/runner/cypress_runner.js:2370:9)\n    at Async._drainQueues (https://opensource-demo.orangehrmlive.com/__cypress/runner/cypress_runner.js:2386:5)\n    at Async.drainQueues (https://opensource-demo.orangehrmlive.com/__cypress/runner/cypress_runner.js:2256:14)\nFrom Your Spec Code:\n    at Object.proxyGetter [as get] (https://opensource-demo.orangehrmlive.com/__cypress/runner/cypress_runner.js:77938:22)\n    at exists (https://opensource-demo.orangehrmlive.com/__cypress/runner/cypress_runner.js:143690:26)\n    at elExists (https://opensource-demo.orangehrmlive.com/__cypress/runner/cypress_runner.js:143705:10)\n    at ensureExistence (https://opensource-demo.orangehrmlive.com/__cypress/runner/cypress_runner.js:143886:22)\n    at onFailFn (https://opensource-demo.orangehrmlive.com/__cypress/runner/cypress_runner.js:143915:53)",
                "diff": null
              },
              "uuid": "86934d63-3d1a-40b8-b7e5-642cfa411504",
              "parentUUID": "b91b6c79-92cf-471d-88cd-2dbd903f28e0",
              "isHook": false,
              "skipped": false
            }
          ],
          "suites": [],
          "passes": [],
          "failures": [
            "86934d63-3d1a-40b8-b7e5-642cfa411504"
          ],
          "pending": [],
          "skipped": [],
          "duration": 68260,
          "root": false,
          "rootEmpty": false,
          "_timeout": 2000
        }
      ],
      "passes": [],
      "failures": [],
      "pending": [],
      "skipped": [],
      "duration": 0,
      "root": true,
      "rootEmpty": true,
      "_timeout": 2000
    }
  ],
  "meta": {
    "mocha": {
      "version": "7.0.1"
    },
    "mochawesome": {
      "options": {
        "quiet": false,
        "reportFilename": "mochawesome",
        "saveHtml": true,
        "saveJson": true,
        "consoleReporter": "spec",
        "useInlineDiffs": false,
        "code": true
      },
      "version": "7.1.3"
    },
    "marge": {
      "options": {
        "reportDir": "cypress/reports",
        "charts": true,
        "overwrite": false,
        "html": true,
        "json": true,
        "timestamp": "mmddyyyy_HHMMss",
        "embeddedScreenshots": true
      },
      "version": "6.2.0"
    }
  }
}