{
  "stats": {
    "suites": 1,
    "tests": 5,
    "passes": 5,
    "pending": 0,
    "failures": 0,
    "start": "2025-03-07T18:18:46.949Z",
    "end": "2025-03-07T18:20:59.022Z",
    "duration": 132073,
    "testsRegistered": 5,
    "passPercent": 100,
    "pendingPercent": 0,
    "other": 0,
    "hasOther": false,
    "skipped": 0,
    "hasSkipped": false
  },
  "results": [
    {
      "uuid": "9094ef82-ae6b-4a76-b1a0-b5a4d5624700",
      "title": "",
      "fullFile": "cypress\\e2e\\login\\login.cy.js",
      "file": "cypress\\e2e\\login\\login.cy.js",
      "beforeHooks": [],
      "afterHooks": [],
      "tests": [],
      "suites": [
        {
          "uuid": "0fde342a-ed29-4874-9fb2-1a679393d345",
          "title": "Login Module",
          "fullFile": "",
          "file": "",
          "beforeHooks": [],
          "afterHooks": [],
          "tests": [
            {
              "title": "TC_Login_01: Verify successful login",
              "fullTitle": "Login Module TC_Login_01: Verify successful login",
              "timedOut": null,
              "duration": 39301,
              "state": "passed",
              "speed": "slow",
              "pass": true,
              "fail": false,
              "pending": false,
              "context": null,
              "code": "// Test steps and assertions for a successful login\nLoginPage.login(validUsername, validPassword);\nLoginPage.verifyLogin();",
              "err": {},
              "uuid": "3d576c0c-be76-4181-83ec-8c379c3422f1",
              "parentUUID": "0fde342a-ed29-4874-9fb2-1a679393d345",
              "isHook": false,
              "skipped": false
            },
            {
              "title": "TC_Login_02: Verify login with invalid password",
              "fullTitle": "Login Module TC_Login_02: Verify login with invalid password",
              "timedOut": null,
              "duration": 10683,
              "state": "passed",
              "speed": "slow",
              "pass": true,
              "fail": false,
              "pending": false,
              "context": null,
              "code": "// Test steps and assertions for invalid password handling\nLoginPage.login(validUsername, invalidPassword);\nLoginPage.verifyErrorMessage('Invalid credentials');",
              "err": {},
              "uuid": "ac5a843b-4d3c-484f-a02a-5ca8bf19c2ad",
              "parentUUID": "0fde342a-ed29-4874-9fb2-1a679393d345",
              "isHook": false,
              "skipped": false
            },
            {
              "title": "TC_Login_03: Verify login with empty fields",
              "fullTitle": "Login Module TC_Login_03: Verify login with empty fields",
              "timedOut": null,
              "duration": 3140,
              "state": "passed",
              "speed": "fast",
              "pass": true,
              "fail": false,
              "pending": false,
              "context": null,
              "code": "// Test steps and assertions for empty fields validation\nLoginPage.getLoginBtn().click();\nLoginPage.verifyMandatoryFieldValidation();",
              "err": {},
              "uuid": "44662d10-8d12-428a-a65a-1546f0956885",
              "parentUUID": "0fde342a-ed29-4874-9fb2-1a679393d345",
              "isHook": false,
              "skipped": false
            },
            {
              "title": "TC_Login_04: Verify account lock after failed attempts",
              "fullTitle": "Login Module TC_Login_04: Verify account lock after failed attempts",
              "timedOut": null,
              "duration": 58228,
              "state": "passed",
              "speed": "slow",
              "pass": true,
              "fail": false,
              "pending": false,
              "context": null,
              "code": "// Test steps and assertions for account lock after multiple failed attempts\nfor (let i = 0; i < 15; i++) {\n  LoginPage.login(validUsername, invalidPassword);\n  LoginPage.verifyErrorMessage('Invalid credentials');\n}\n// Check for account lock message\n// LoginPage.verifyAccountLock()",
              "err": {},
              "uuid": "1f499404-dbc5-45c2-b00b-ae4907db47d6",
              "parentUUID": "0fde342a-ed29-4874-9fb2-1a679393d345",
              "isHook": false,
              "skipped": false
            },
            {
              "title": "TC_Login_05: Verify password field encryption",
              "fullTitle": "Login Module TC_Login_05: Verify password field encryption",
              "timedOut": null,
              "duration": 6072,
              "state": "passed",
              "speed": "medium",
              "pass": true,
              "fail": false,
              "pending": false,
              "context": null,
              "code": "// Test steps and assertions to ensure the password field is encrypted\nLoginPage.getPasswordField().type('somepassword');\nLoginPage.verifyPasswordFieldEncryption();",
              "err": {},
              "uuid": "03cf0466-f9c1-43ea-a97c-2f85b405ea38",
              "parentUUID": "0fde342a-ed29-4874-9fb2-1a679393d345",
              "isHook": false,
              "skipped": false
            }
          ],
          "suites": [],
          "passes": [
            "3d576c0c-be76-4181-83ec-8c379c3422f1",
            "ac5a843b-4d3c-484f-a02a-5ca8bf19c2ad",
            "44662d10-8d12-428a-a65a-1546f0956885",
            "1f499404-dbc5-45c2-b00b-ae4907db47d6",
            "03cf0466-f9c1-43ea-a97c-2f85b405ea38"
          ],
          "failures": [],
          "pending": [],
          "skipped": [],
          "duration": 117424,
          "root": false,
          "rootEmpty": false,
          "_timeout": 2000
        }
      ],
      "passes": [],
      "failures": [],
      "pending": [],
      "skipped": [],
      "duration": 0,
      "root": true,
      "rootEmpty": true,
      "_timeout": 2000
    }
  ],
  "meta": {
    "mocha": {
      "version": "7.0.1"
    },
    "mochawesome": {
      "options": {
        "quiet": false,
        "reportFilename": "mochawesome",
        "saveHtml": true,
        "saveJson": true,
        "consoleReporter": "spec",
        "useInlineDiffs": false,
        "code": true
      },
      "version": "7.1.3"
    },
    "marge": {
      "options": {
        "reportDir": "cypress/reports",
        "charts": true,
        "overwrite": false,
        "html": true,
        "json": true,
        "timestamp": "mmddyyyy_HHMMss",
        "embeddedScreenshots": true
      },
      "version": "6.2.0"
    }
  }
}