{
  "stats": {
    "suites": 1,
    "tests": 5,
    "passes": 3,
    "pending": 0,
    "failures": 2,
    "start": "2025-03-07T18:23:46.625Z",
    "end": "2025-03-07T18:27:52.634Z",
    "duration": 246009,
    "testsRegistered": 5,
    "passPercent": 60,
    "pendingPercent": 0,
    "other": 0,
    "hasOther": false,
    "skipped": 0,
    "hasSkipped": false
  },
  "results": [
    {
      "uuid": "03f2ef53-6242-425d-89e2-9475c2a37c86",
      "title": "",
      "fullFile": "cypress\\e2e\\recruitment\\vacancies.cy.js",
      "file": "cypress\\e2e\\recruitment\\vacancies.cy.js",
      "beforeHooks": [],
      "afterHooks": [],
      "tests": [],
      "suites": [
        {
          "uuid": "177eba16-1b85-487c-bf89-d256c2e20c7a",
          "title": "Vacancy Management",
          "fullFile": "",
          "file": "",
          "beforeHooks": [],
          "afterHooks": [],
          "tests": [
            {
              "title": "TC1 - Should add a new vacancy with mandatory fields",
              "fullTitle": "Vacancy Management TC1 - Should add a new vacancy with mandatory fields",
              "timedOut": null,
              "duration": 54607,
              "state": "passed",
              "speed": "slow",
              "pass": true,
              "fail": false,
              "pending": false,
              "context": null,
              "code": "cy.fixture('vacancies').then(({\n  new_vacancies\n}) => {\n  VacanciesPage.addVacancy(new_vacancies);\n  cy.url().should('match', /\\/recruitment\\/addJobVacancy\\/.+$/);\n});",
              "err": {},
              "uuid": "4de89999-665c-4690-8529-50b4d9d58e30",
              "parentUUID": "177eba16-1b85-487c-bf89-d256c2e20c7a",
              "isHook": false,
              "skipped": false
            },
            {
              "title": "TC2 - Validate mandatory fields and error messages",
              "fullTitle": "Vacancy Management TC2 - Validate mandatory fields and error messages",
              "timedOut": null,
              "duration": 26648,
              "state": "failed",
              "speed": null,
              "pass": false,
              "fail": true,
              "pending": false,
              "context": null,
              "code": "VacanciesPage.openAddVacancyForm();\nVacanciesPage.validateMandatoryFields(this.vacancyData.fields);",
              "err": {
                "message": "TypeError: Cannot read properties of undefined (reading 'fields')",
                "estack": "TypeError: Cannot read properties of undefined (reading 'fields')\n    at Context.eval (webpack:///./cypress/e2e/recruitment/vacancies.cy.js:26:59)\n    at runnable.fn (https://opensource-demo.orangehrmlive.com/__cypress/runner/cypress_runner.js:139102:19)\n    at callFn (https://opensource-demo.orangehrmlive.com/__cypress/runner/cypress_runner.js:157702:21)\n    at Runnable.run (https://opensource-demo.orangehrmlive.com/__cypress/runner/cypress_runner.js:157689:7)\n    at <unknown> (https://opensource-demo.orangehrmlive.com/__cypress/runner/cypress_runner.js:163619:30)\n    at PassThroughHandlerContext.finallyHandler (https://opensource-demo.orangehrmlive.com/__cypress/runner/cypress_runner.js:4042:23)\n    at PassThroughHandlerContext.tryCatcher (https://opensource-demo.orangehrmlive.com/__cypress/runner/cypress_runner.js:1777:23)\n    at Promise._settlePromiseFromHandler (https://opensource-demo.orangehrmlive.com/__cypress/runner/cypress_runner.js:1489:31)\n    at Promise._settlePromise (https://opensource-demo.orangehrmlive.com/__cypress/runner/cypress_runner.js:1546:18)",
                "diff": null
              },
              "uuid": "7c9ad8dc-3136-459f-99ae-9bb3c710a96b",
              "parentUUID": "177eba16-1b85-487c-bf89-d256c2e20c7a",
              "isHook": false,
              "skipped": false
            },
            {
              "title": "TC3 - Should search for vacancies using different criteria and verify results",
              "fullTitle": "Vacancy Management TC3 - Should search for vacancies using different criteria and verify results",
              "timedOut": null,
              "duration": 12671,
              "state": "failed",
              "speed": null,
              "pass": false,
              "fail": true,
              "pending": false,
              "context": null,
              "code": "cy.get('@vacancyData').then(({\n  search_criteria\n}) => {\n  search_criteria.forEach(criteria => {\n    VacanciesPage.searchVacancy(criteria);\n  });\n});",
              "err": {
                "message": "CypressError: `cy.get()` could not find a registered alias for: `@vacancyData`.\nYou have not aliased anything yet.",
                "estack": "CypressError: `cy.get()` could not find a registered alias for: `@vacancyData`.\nYou have not aliased anything yet.\n    at $Cy.aliasNotFoundFor (https://opensource-demo.orangehrmlive.com/__cypress/runner/cypress_runner.js:133049:66)\n    at $Cy.getAlias (https://opensource-demo.orangehrmlive.com/__cypress/runner/cypress_runner.js:132992:12)\n    at <unknown> (https://opensource-demo.orangehrmlive.com/__cypress/runner/cypress_runner.js:132570:21)\n    at Object.subjectFn (https://opensource-demo.orangehrmlive.com/__cypress/runner/cypress_runner.js:144612:16)\n    at $Cy.verifyUpcomingAssertions (https://opensource-demo.orangehrmlive.com/__cypress/runner/cypress_runner.js:143952:31)\n    at onRetry (https://opensource-demo.orangehrmlive.com/__cypress/runner/cypress_runner.js:144603:15)\n    at retryQuery (https://opensource-demo.orangehrmlive.com/__cypress/runner/cypress_runner.js:144616:10)\n    at <unknown> (https://opensource-demo.orangehrmlive.com/__cypress/runner/cypress_runner.js:144769:17)\n    at tryCatcher (https://opensource-demo.orangehrmlive.com/__cypress/runner/cypress_runner.js:1777:23)\n    at Promise._settlePromiseFromHandler (https://opensource-demo.orangehrmlive.com/__cypress/runner/cypress_runner.js:1489:31)\n    at Promise._settlePromise (https://opensource-demo.orangehrmlive.com/__cypress/runner/cypress_runner.js:1546:18)\n    at Promise._settlePromiseCtx (https://opensource-demo.orangehrmlive.com/__cypress/runner/cypress_runner.js:1583:10)\n    at _drainQueueStep (https://opensource-demo.orangehrmlive.com/__cypress/runner/cypress_runner.js:2381:12)\n    at _drainQueue (https://opensource-demo.orangehrmlive.com/__cypress/runner/cypress_runner.js:2370:9)\n    at Async._drainQueues (https://opensource-demo.orangehrmlive.com/__cypress/runner/cypress_runner.js:2386:5)\n    at Async.drainQueues (https://opensource-demo.orangehrmlive.com/__cypress/runner/cypress_runner.js:2256:14)\nFrom Your Spec Code:\n    at Context.eval (webpack:///./cypress/e2e/recruitment/vacancies.cy.js:30:7)",
                "diff": null
              },
              "uuid": "a07a4dc7-8eb2-4689-ba9a-fe93a46ab8f5",
              "parentUUID": "177eba16-1b85-487c-bf89-d256c2e20c7a",
              "isHook": false,
              "skipped": false
            },
            {
              "title": "TC4 - Should update an existing vacancy details",
              "fullTitle": "Vacancy Management TC4 - Should update an existing vacancy details",
              "timedOut": null,
              "duration": 15464,
              "state": "passed",
              "speed": "slow",
              "pass": true,
              "fail": false,
              "pending": false,
              "context": null,
              "code": "VacanciesPage.clickRandomCandidateEditIcon();\nVacanciesPage.updateVacancyDetail(4);",
              "err": {},
              "uuid": "e088b735-3e0a-4974-8fc8-89f771f282fc",
              "parentUUID": "177eba16-1b85-487c-bf89-d256c2e20c7a",
              "isHook": false,
              "skipped": false
            },
            {
              "title": "TC5 - Should delete a vacancy with confirmation prompt",
              "fullTitle": "Vacancy Management TC5 - Should delete a vacancy with confirmation prompt",
              "timedOut": null,
              "duration": 19186,
              "state": "passed",
              "speed": "slow",
              "pass": true,
              "fail": false,
              "pending": false,
              "context": null,
              "code": "VacanciesPage.getRecordCount().then(initialCount => {\n  VacanciesPage.clickRandomCandidateDeleteIcon();\n  VacanciesPage.confirmDelete();\n  VacanciesPage.getUpdatedRecordCount().should(newCount => {\n    expect(newCount).to.equal(initialCount - 1); // Ensure the count decreased by 1\n  });\n});",
              "err": {},
              "uuid": "f4da1125-955f-4b8e-9910-5ca5fe7571c8",
              "parentUUID": "177eba16-1b85-487c-bf89-d256c2e20c7a",
              "isHook": false,
              "skipped": false
            }
          ],
          "suites": [],
          "passes": [
            "4de89999-665c-4690-8529-50b4d9d58e30",
            "e088b735-3e0a-4974-8fc8-89f771f282fc",
            "f4da1125-955f-4b8e-9910-5ca5fe7571c8"
          ],
          "failures": [
            "7c9ad8dc-3136-459f-99ae-9bb3c710a96b",
            "a07a4dc7-8eb2-4689-ba9a-fe93a46ab8f5"
          ],
          "pending": [],
          "skipped": [],
          "duration": 128576,
          "root": false,
          "rootEmpty": false,
          "_timeout": 2000
        }
      ],
      "passes": [],
      "failures": [],
      "pending": [],
      "skipped": [],
      "duration": 0,
      "root": true,
      "rootEmpty": true,
      "_timeout": 2000
    }
  ],
  "meta": {
    "mocha": {
      "version": "7.0.1"
    },
    "mochawesome": {
      "options": {
        "quiet": false,
        "reportFilename": "mochawesome",
        "saveHtml": true,
        "saveJson": true,
        "consoleReporter": "spec",
        "useInlineDiffs": false,
        "code": true
      },
      "version": "7.1.3"
    },
    "marge": {
      "options": {
        "reportDir": "cypress/reports",
        "charts": true,
        "overwrite": false,
        "html": true,
        "json": true,
        "timestamp": "mmddyyyy_HHMMss",
        "embeddedScreenshots": true
      },
      "version": "6.2.0"
    }
  }
}