{
  "stats": {
    "suites": 1,
    "tests": 2,
    "passes": 2,
    "pending": 0,
    "failures": 0,
    "start": "2025-03-07T18:21:04.062Z",
    "end": "2025-03-07T18:21:29.937Z",
    "duration": 25875,
    "testsRegistered": 2,
    "passPercent": 100,
    "pendingPercent": 0,
    "other": 0,
    "hasOther": false,
    "skipped": 0,
    "hasSkipped": false
  },
  "results": [
    {
      "uuid": "7a3e01cd-cc1d-4ca7-8729-04fda8881e03",
      "title": "",
      "fullFile": "cypress\\e2e\\non-functional\\security.cy.js",
      "file": "cypress\\e2e\\non-functional\\security.cy.js",
      "beforeHooks": [],
      "afterHooks": [],
      "tests": [],
      "suites": [
        {
          "uuid": "4d4d0827-ca17-41da-a7d1-015e2e87e0a4",
          "title": "Security and Access Control Tests",
          "fullFile": "",
          "file": "",
          "beforeHooks": [],
          "afterHooks": [],
          "tests": [
            {
              "title": "Ensures password is not sent in plaintext",
              "fullTitle": "Security and Access Control Tests Ensures password is not sent in plaintext",
              "timedOut": null,
              "duration": 11817,
              "state": "passed",
              "speed": "slow",
              "pass": true,
              "fail": false,
              "pending": false,
              "context": null,
              "code": "// Visit the login page\ncy.visit('https://opensource-demo.orangehrmlive.com/web/index.php/auth/login');\nLoginPage.login(Cypress.env('validUsername'), Cypress.env('validPassword'));\n// Wait for the intercepted login request and assert password\ncy.wait('@loginRequest');",
              "err": {},
              "uuid": "e8423823-89d4-40fd-929d-6ea1fb665544",
              "parentUUID": "4d4d0827-ca17-41da-a7d1-015e2e87e0a4",
              "isHook": false,
              "skipped": false
            },
            {
              "title": "Should redirect to login page when trying to access restricted page without login",
              "fullTitle": "Security and Access Control Tests Should redirect to login page when trying to access restricted page without login",
              "timedOut": null,
              "duration": 10825,
              "state": "passed",
              "speed": "slow",
              "pass": true,
              "fail": false,
              "pending": false,
              "context": null,
              "code": "// Visit the restricted page directly\ncy.visit('https://opensource-demo.orangehrmlive.com/web/index.php/recruitment/addJobVacancy');\n// Assert that the user is redirected to the login page\ncy.url().should('include', '/web/index.php/auth/login');\n// Optional: You can also check for specific elements on the login page to ensure proper redirection\ncy.get('h5').should('contain', 'Login');",
              "err": {},
              "uuid": "88665ee4-3fef-4477-9a0c-d5afae1af498",
              "parentUUID": "4d4d0827-ca17-41da-a7d1-015e2e87e0a4",
              "isHook": false,
              "skipped": false
            }
          ],
          "suites": [],
          "passes": [
            "e8423823-89d4-40fd-929d-6ea1fb665544",
            "88665ee4-3fef-4477-9a0c-d5afae1af498"
          ],
          "failures": [],
          "pending": [],
          "skipped": [],
          "duration": 22642,
          "root": false,
          "rootEmpty": false,
          "_timeout": 2000
        }
      ],
      "passes": [],
      "failures": [],
      "pending": [],
      "skipped": [],
      "duration": 0,
      "root": true,
      "rootEmpty": true,
      "_timeout": 2000
    }
  ],
  "meta": {
    "mocha": {
      "version": "7.0.1"
    },
    "mochawesome": {
      "options": {
        "quiet": false,
        "reportFilename": "mochawesome",
        "saveHtml": true,
        "saveJson": true,
        "consoleReporter": "spec",
        "useInlineDiffs": false,
        "code": true
      },
      "version": "7.1.3"
    },
    "marge": {
      "options": {
        "reportDir": "cypress/reports",
        "charts": true,
        "overwrite": false,
        "html": true,
        "json": true,
        "timestamp": "mmddyyyy_HHMMss",
        "embeddedScreenshots": true
      },
      "version": "6.2.0"
    }
  }
}