{
  "stats": {
    "suites": 1,
    "tests": 2,
    "passes": 1,
    "pending": 0,
    "failures": 1,
    "start": "2025-03-07T18:21:34.767Z",
    "end": "2025-03-07T18:23:42.603Z",
    "duration": 127836,
    "testsRegistered": 6,
    "passPercent": 16.666666666666664,
    "pendingPercent": 0,
    "other": 0,
    "hasOther": false,
    "skipped": 4,
    "hasSkipped": true
  },
  "results": [
    {
      "uuid": "574e956e-234a-418e-a907-35ee7e9e3eba",
      "title": "",
      "fullFile": "cypress\\e2e\\recruitment\\candidates.cy.js",
      "file": "cypress\\e2e\\recruitment\\candidates.cy.js",
      "beforeHooks": [],
      "afterHooks": [],
      "tests": [],
      "suites": [
        {
          "uuid": "4ff271ca-9b96-4c33-941a-a7cff90a56d8",
          "title": "Recruitment Module",
          "fullFile": "",
          "file": "",
          "beforeHooks": [],
          "afterHooks": [],
          "tests": [
            {
              "title": "TC_Rec_01: Verify adding a new candidate",
              "fullTitle": "Recruitment Module TC_Rec_01: Verify adding a new candidate",
              "timedOut": null,
              "duration": 40232,
              "state": "passed",
              "speed": "slow",
              "pass": true,
              "fail": false,
              "pending": false,
              "context": null,
              "code": "const filePath = 'plan.pdf';\nrecruitmentCandidatePage.addCandidate('Abebe', 'Beso', 'Bela', 'abe.beso@gmail.com', 555 - 555 - 5555);\n//? verify\nrecruitmentCandidatePage.verifyCandidateAdded();\n// // Select job title\n// // cy.get('.oxd-select-text-input').click();\n// // cy.contains('Senior QA Lead').click();\n// // Upload file (Resume)\n// // cy.get('input[type=\"file\"]').attachFile(filePath, { force: true });",
              "err": {},
              "uuid": "a3e55086-aaa0-4abb-b342-e17f056f6f84",
              "parentUUID": "4ff271ca-9b96-4c33-941a-a7cff90a56d8",
              "isHook": false,
              "skipped": false
            },
            {
              "title": "TC_Rec_02: Verify mandatory field validation",
              "fullTitle": "Recruitment Module TC_Rec_02: Verify mandatory field validation",
              "timedOut": null,
              "duration": 8632,
              "state": "failed",
              "speed": null,
              "pass": false,
              "fail": true,
              "pending": false,
              "context": null,
              "code": "recruitmentCandidatePage.getAddCandidateButton().click();\nrecruitmentCandidatePage.getSaveButton().click();\nrecruitmentCandidatePage.verifyMandatoryFieldValidation();",
              "err": {
                "message": "AssertionError: Timed out retrying after 4000ms: Expected to find element: `input[name=\"username\"]`, but never found it.\n\nBecause this error occurred during a `before each` hook we are skipping the remaining tests in the current suite: `Recruitment Module`",
                "estack": "AssertionError: Timed out retrying after 4000ms: Expected to find element: `input[name=\"username\"]`, but never found it.\n\nBecause this error occurred during a `before each` hook we are skipping the remaining tests in the current suite: `Recruitment Module`\n    at loginPage.getUserNameField (webpack:///./cypress/page/LoginPage.js:4:35)\n    at loginPage.login (webpack:///./cypress/page/LoginPage.js:11:13)\n    at RecruitmentPage.gotoRecruitementPage (webpack:///./cypress/page/CandidatePage.js:38:18)\n    at Context.eval (webpack:///./cypress/e2e/recruitment/candidates.cy.js:7:33)",
                "diff": null
              },
              "uuid": "8938a2d9-bf08-4d3e-8ad8-4b854f5d0a50",
              "parentUUID": "4ff271ca-9b96-4c33-941a-a7cff90a56d8",
              "isHook": false,
              "skipped": false
            },
            {
              "title": "TC_Rec_03: Verify searching for a candidate by name",
              "fullTitle": "Recruitment Module TC_Rec_03: Verify searching for a candidate by name",
              "timedOut": null,
              "duration": 0,
              "state": "skipped",
              "speed": null,
              "pass": false,
              "fail": false,
              "pending": false,
              "context": null,
              "code": "recruitmentCandidatePage.searchCandidateByName('Kebede');\ncy.contains('John Doe').should('be.visible'); // Ensure the candidate is found",
              "err": {},
              "uuid": "68ab02a1-07eb-45b6-863e-12683d6f2a70",
              "parentUUID": "4ff271ca-9b96-4c33-941a-a7cff90a56d8",
              "isHook": false,
              "skipped": true
            },
            {
              "title": "TC_Rec_04: Verify searching for candidates by status",
              "fullTitle": "Recruitment Module TC_Rec_04: Verify searching for candidates by status",
              "timedOut": null,
              "duration": 0,
              "state": "skipped",
              "speed": null,
              "pass": false,
              "fail": false,
              "pending": false,
              "context": null,
              "code": "recruitmentCandidatePage.searchCandidateByStatus('Shortlisted');\ncy.contains('Shortlisted').should('be.visible');",
              "err": {},
              "uuid": "76dff832-3553-4683-b3bb-1842ef839531",
              "parentUUID": "4ff271ca-9b96-4c33-941a-a7cff90a56d8",
              "isHook": false,
              "skipped": true
            },
            {
              "title": "TC_Rec_05: Verify updating candidate details",
              "fullTitle": "Recruitment Module TC_Rec_05: Verify updating candidate details",
              "timedOut": null,
              "duration": 0,
              "state": "skipped",
              "speed": null,
              "pass": false,
              "fail": false,
              "pending": false,
              "context": null,
              "code": "recruitmentCandidatePage.clickRandomCandidateEyeIcon();\nrecruitmentCandidatePage.updateCandidateDetails('Updated First Name');\nrecruitmentCandidatePage.verifySuccessAlert('Succesfully Updated');",
              "err": {},
              "uuid": "1bdd571a-5e54-463e-980e-0f048c5eb6f3",
              "parentUUID": "4ff271ca-9b96-4c33-941a-a7cff90a56d8",
              "isHook": false,
              "skipped": true
            },
            {
              "title": "TC_Rec_06: Verify deleting a candidate",
              "fullTitle": "Recruitment Module TC_Rec_06: Verify deleting a candidate",
              "timedOut": null,
              "duration": 0,
              "state": "skipped",
              "speed": null,
              "pass": false,
              "fail": false,
              "pending": false,
              "context": null,
              "code": "recruitmentCandidatePage.getRecordCount().then(initialCount => {\n  recruitmentCandidatePage.clickRandomCandidateDeleteIcon();\n  recruitmentCandidatePage.confirmDelete();\n  recruitmentCandidatePage.getUpdatedRecordCount().should(newCount => {\n    expect(newCount).to.equal(initialCount - 1); // Ensure the count decreased by 1\n  });\n});",
              "err": {},
              "uuid": "f9dbba0e-a8f8-49c1-8521-d23e2555a966",
              "parentUUID": "4ff271ca-9b96-4c33-941a-a7cff90a56d8",
              "isHook": false,
              "skipped": true
            }
          ],
          "suites": [],
          "passes": [
            "a3e55086-aaa0-4abb-b342-e17f056f6f84"
          ],
          "failures": [
            "8938a2d9-bf08-4d3e-8ad8-4b854f5d0a50"
          ],
          "pending": [],
          "skipped": [
            "68ab02a1-07eb-45b6-863e-12683d6f2a70",
            "76dff832-3553-4683-b3bb-1842ef839531",
            "1bdd571a-5e54-463e-980e-0f048c5eb6f3",
            "f9dbba0e-a8f8-49c1-8521-d23e2555a966"
          ],
          "duration": 48864,
          "root": false,
          "rootEmpty": false,
          "_timeout": 2000
        }
      ],
      "passes": [],
      "failures": [],
      "pending": [],
      "skipped": [],
      "duration": 0,
      "root": true,
      "rootEmpty": true,
      "_timeout": 2000
    }
  ],
  "meta": {
    "mocha": {
      "version": "7.0.1"
    },
    "mochawesome": {
      "options": {
        "quiet": false,
        "reportFilename": "mochawesome",
        "saveHtml": true,
        "saveJson": true,
        "consoleReporter": "spec",
        "useInlineDiffs": false,
        "code": true
      },
      "version": "7.1.3"
    },
    "marge": {
      "options": {
        "reportDir": "cypress/reports",
        "charts": true,
        "overwrite": false,
        "html": true,
        "json": true,
        "timestamp": "mmddyyyy_HHMMss",
        "embeddedScreenshots": true
      },
      "version": "6.2.0"
    }
  }
}